<?xml version="1.0" encoding="UTF-8"?>
<testng-results skipped="0" failed="0" ignored="0" total="5" passed="5">
  <reporter-output>
  </reporter-output>
  <suite name="Default suite" duration-ms="74" started-at="2019-06-18T15:33:26Z" finished-at="2019-06-18T15:33:26Z">
    <groups>
      <group name="sathish">
        <method signature="Annotations.test1()[pri:-1, instance:Testng_Annotations.Annotations@7dc7cbad]" name="test1" class="Testng_Annotations.Annotations"/>
      </group> <!-- sathish -->
      <group name="boding">
        <method signature="Annotations.test1()[pri:-1, instance:Testng_Annotations.Annotations@7dc7cbad]" name="test1" class="Testng_Annotations.Annotations"/>
      </group> <!-- boding -->
    </groups>
    <test name="Default test" duration-ms="74" started-at="2019-06-18T15:33:26Z" finished-at="2019-06-18T15:33:26Z">
      <class name="Testng_Annotations.Annotations">
        <test-method status="PASS" signature="beforesuite()[pri:0, instance:Testng_Annotations.Annotations@7dc7cbad]" name="beforesuite" is-config="true" duration-ms="17" started-at="2019-06-18T15:33:26Z" finished-at="2019-06-18T15:33:26Z">
          <reporter-output>
          </reporter-output>
        </test-method> <!-- beforesuite -->
        <test-method status="PASS" signature="beforesuite1()[pri:0, instance:Testng_Annotations.Annotations@7dc7cbad]" name="beforesuite1" is-config="true" duration-ms="1" started-at="2019-06-18T15:33:26Z" finished-at="2019-06-18T15:33:26Z">
          <reporter-output>
          </reporter-output>
        </test-method> <!-- beforesuite1 -->
        <test-method status="PASS" signature="before_class()[pri:0, instance:Testng_Annotations.Annotations@7dc7cbad]" name="before_class" is-config="true" duration-ms="1" started-at="2019-06-18T15:33:26Z" finished-at="2019-06-18T15:33:26Z">
          <reporter-output>
          </reporter-output>
        </test-method> <!-- before_class -->
        <test-method status="PASS" signature="before_class1()[pri:0, instance:Testng_Annotations.Annotations@7dc7cbad]" name="before_class1" is-config="true" duration-ms="1" started-at="2019-06-18T15:33:26Z" finished-at="2019-06-18T15:33:26Z">
          <reporter-output>
          </reporter-output>
        </test-method> <!-- before_class1 -->
        <test-method status="PASS" signature="test5()[pri:-2, instance:Testng_Annotations.Annotations@7dc7cbad]" name="test5" duration-ms="7" started-at="2019-06-18T15:33:26Z" finished-at="2019-06-18T15:33:26Z">
          <reporter-output>
          </reporter-output>
        </test-method> <!-- test5 -->
        <test-method status="PASS" signature="setup()[pri:0, instance:Testng_Annotations.Annotations@7dc7cbad]" name="setup" is-config="true" duration-ms="0" started-at="2019-06-18T15:33:26Z" finished-at="2019-06-18T15:33:26Z">
          <reporter-output>
          </reporter-output>
        </test-method> <!-- setup -->
        <test-method status="PASS" signature="teardown()[pri:0, instance:Testng_Annotations.Annotations@7dc7cbad]" name="teardown" is-config="true" duration-ms="2" started-at="2019-06-18T15:33:26Z" finished-at="2019-06-18T15:33:26Z">
          <reporter-output>
          </reporter-output>
        </test-method> <!-- teardown -->
        <test-method status="PASS" signature="setup()[pri:0, instance:Testng_Annotations.Annotations@7dc7cbad]" name="setup" is-config="true" duration-ms="0" started-at="2019-06-18T15:33:26Z" finished-at="2019-06-18T15:33:26Z">
          <reporter-output>
          </reporter-output>
        </test-method> <!-- setup -->
        <test-method status="PASS" signature="test1()[pri:-1, instance:Testng_Annotations.Annotations@7dc7cbad]" name="test1" duration-ms="3" started-at="2019-06-18T15:33:26Z" finished-at="2019-06-18T15:33:26Z">
          <reporter-output>
          </reporter-output>
        </test-method> <!-- test1 -->
        <test-method status="PASS" signature="teardown()[pri:0, instance:Testng_Annotations.Annotations@7dc7cbad]" name="teardown" is-config="true" duration-ms="1" started-at="2019-06-18T15:33:26Z" finished-at="2019-06-18T15:33:26Z">
          <reporter-output>
          </reporter-output>
        </test-method> <!-- teardown -->
        <test-method status="PASS" signature="setup()[pri:0, instance:Testng_Annotations.Annotations@7dc7cbad]" name="setup" is-config="true" duration-ms="1" started-at="2019-06-18T15:33:26Z" finished-at="2019-06-18T15:33:26Z">
          <reporter-output>
          </reporter-output>
        </test-method> <!-- setup -->
        <test-method status="PASS" signature="test4()[pri:0, instance:Testng_Annotations.Annotations@7dc7cbad]" name="test4" duration-ms="3" started-at="2019-06-18T15:33:26Z" finished-at="2019-06-18T15:33:26Z">
          <reporter-output>
          </reporter-output>
        </test-method> <!-- test4 -->
        <test-method status="PASS" signature="teardown()[pri:0, instance:Testng_Annotations.Annotations@7dc7cbad]" name="teardown" is-config="true" duration-ms="1" started-at="2019-06-18T15:33:26Z" finished-at="2019-06-18T15:33:26Z">
          <reporter-output>
          </reporter-output>
        </test-method> <!-- teardown -->
        <test-method status="PASS" signature="setup()[pri:0, instance:Testng_Annotations.Annotations@7dc7cbad]" name="setup" is-config="true" duration-ms="1" started-at="2019-06-18T15:33:26Z" finished-at="2019-06-18T15:33:26Z">
          <reporter-output>
          </reporter-output>
        </test-method> <!-- setup -->
        <test-method status="PASS" signature="test3()[pri:1, instance:Testng_Annotations.Annotations@7dc7cbad]" name="test3" duration-ms="2" started-at="2019-06-18T15:33:26Z" finished-at="2019-06-18T15:33:26Z">
          <reporter-output>
          </reporter-output>
        </test-method> <!-- test3 -->
        <test-method status="PASS" signature="teardown()[pri:0, instance:Testng_Annotations.Annotations@7dc7cbad]" name="teardown" is-config="true" duration-ms="0" started-at="2019-06-18T15:33:26Z" finished-at="2019-06-18T15:33:26Z">
          <reporter-output>
          </reporter-output>
        </test-method> <!-- teardown -->
        <test-method status="PASS" signature="setup()[pri:0, instance:Testng_Annotations.Annotations@7dc7cbad]" name="setup" is-config="true" duration-ms="0" started-at="2019-06-18T15:33:26Z" finished-at="2019-06-18T15:33:26Z">
          <reporter-output>
          </reporter-output>
        </test-method> <!-- setup -->
        <test-method status="PASS" signature="test2()[pri:2, instance:Testng_Annotations.Annotations@7dc7cbad]" name="test2" duration-ms="2" started-at="2019-06-18T15:33:26Z" depends-on-methods="Testng_Annotations.Annotations.test3" finished-at="2019-06-18T15:33:26Z">
          <reporter-output>
          </reporter-output>
        </test-method> <!-- test2 -->
        <test-method status="PASS" signature="teardown()[pri:0, instance:Testng_Annotations.Annotations@7dc7cbad]" name="teardown" is-config="true" duration-ms="1" started-at="2019-06-18T15:33:26Z" finished-at="2019-06-18T15:33:26Z">
          <reporter-output>
          </reporter-output>
        </test-method> <!-- teardown -->
        <test-method status="PASS" signature="after_class()[pri:0, instance:Testng_Annotations.Annotations@7dc7cbad]" name="after_class" is-config="true" duration-ms="0" started-at="2019-06-18T15:33:26Z" finished-at="2019-06-18T15:33:26Z">
          <reporter-output>
          </reporter-output>
        </test-method> <!-- after_class -->
        <test-method status="PASS" signature="aftersuite()[pri:0, instance:Testng_Annotations.Annotations@7dc7cbad]" name="aftersuite" is-config="true" duration-ms="0" started-at="2019-06-18T15:33:26Z" finished-at="2019-06-18T15:33:26Z">
          <reporter-output>
          </reporter-output>
        </test-method> <!-- aftersuite -->
      </class> <!-- Testng_Annotations.Annotations -->
    </test> <!-- Default test -->
  </suite> <!-- Default suite -->
</testng-results>
